<?xml version="1.0" encoding="UTF-8"?>
<robot generator="Robot 3.2.2 (Python 3.9.1 on win32)" generated="20210116 11:35:59.119" rpa="false">
<suite id="s1" name="TestCases" source="C:\Users\Admin\Desktop\RF_flipkart\testcases\TestCases.robot">
<test id="s1-t1" name="User should see flipkart login page">
<kw name="open Flipkart Website" library="instruction">
<kw name="Open Browser" library="SeleniumLibrary">
<doc>Opens a new browser instance to the optional ``url``.</doc>
<arguments>
<arg>${url}</arg>
<arg>${browser}</arg>
</arguments>
<msg timestamp="20210116 11:35:59.416" level="INFO">Opening browser 'chrome' to base url 'https://www.flipkart.com/'.</msg>
<status status="PASS" starttime="20210116 11:35:59.415" endtime="20210116 11:36:06.464"></status>
</kw>
<kw name="Maximize Browser Window" library="SeleniumLibrary">
<doc>Maximizes current browser window.</doc>
<status status="PASS" starttime="20210116 11:36:06.465" endtime="20210116 11:36:08.622"></status>
</kw>
<kw name="Sleep" library="BuiltIn">
<doc>Pauses the test executed for the given time.</doc>
<arguments>
<arg>5s</arg>
</arguments>
<msg timestamp="20210116 11:36:13.626" level="INFO">Slept 5 seconds</msg>
<status status="PASS" starttime="20210116 11:36:08.623" endtime="20210116 11:36:13.626"></status>
</kw>
<kw name="Log To Console" library="BuiltIn">
<doc>Logs the given message to the console.</doc>
<arguments>
<arg>Step1</arg>
</arguments>
<status status="PASS" starttime="20210116 11:36:13.627" endtime="20210116 11:36:13.670"></status>
</kw>
<status status="PASS" starttime="20210116 11:35:59.415" endtime="20210116 11:36:13.671"></status>
</kw>
<status status="PASS" starttime="20210116 11:35:59.414" endtime="20210116 11:36:13.694" critical="yes"></status>
</test>
<test id="s1-t2" name="User should login successfully">
<kw name="Login into Flipkart" library="instruction">
<kw name="Clear Element Text" library="SeleniumLibrary">
<doc>Clears the value of the text-input-element identified by ``locator``.</doc>
<arguments>
<arg>xpath=//input[@type='text' and @class='_2IX_2- VJZDxU']</arg>
</arguments>
<status status="PASS" starttime="20210116 11:36:13.705" endtime="20210116 11:36:13.772"></status>
</kw>
<kw name="Input Text" library="SeleniumLibrary">
<doc>Types the given ``text`` into the text field identified by ``locator``.</doc>
<arguments>
<arg>xpath=//input[@type='text' and @class='_2IX_2- VJZDxU']</arg>
<arg>9738471440</arg>
</arguments>
<msg timestamp="20210116 11:36:13.772" level="INFO">Typing text '9738471440' into text field 'xpath=//input[@type='text' and @class='_2IX_2- VJZDxU']'.</msg>
<status status="PASS" starttime="20210116 11:36:13.772" endtime="20210116 11:36:13.889"></status>
</kw>
<kw name="Sleep" library="BuiltIn">
<doc>Pauses the test executed for the given time.</doc>
<arguments>
<arg>3s</arg>
</arguments>
<msg timestamp="20210116 11:36:16.901" level="INFO">Slept 3 seconds</msg>
<status status="PASS" starttime="20210116 11:36:13.889" endtime="20210116 11:36:16.901"></status>
</kw>
<kw name="Clear Element Text" library="SeleniumLibrary">
<doc>Clears the value of the text-input-element identified by ``locator``.</doc>
<arguments>
<arg>xpath=//input[@type='password']</arg>
</arguments>
<status status="PASS" starttime="20210116 11:36:16.902" endtime="20210116 11:36:17.048"></status>
</kw>
<kw name="Input Password" library="SeleniumLibrary">
<doc>Types the given password into the text field identified by ``locator``.</doc>
<arguments>
<arg>xpath=//input[@type='password']</arg>
<arg>darshan@123</arg>
</arguments>
<msg timestamp="20210116 11:36:17.049" level="INFO">Typing password into text field 'xpath=//input[@type='password']'.</msg>
<msg timestamp="20210116 11:36:17.140" level="INFO">Temporally setting log level to: NONE</msg>
<msg timestamp="20210116 11:36:17.393" level="INFO">Log level changed from NONE to INFO.</msg>
<status status="PASS" starttime="20210116 11:36:17.048" endtime="20210116 11:36:17.393"></status>
</kw>
<kw name="Sleep" library="BuiltIn">
<doc>Pauses the test executed for the given time.</doc>
<arguments>
<arg>3s</arg>
</arguments>
<msg timestamp="20210116 11:36:20.408" level="INFO">Slept 3 seconds</msg>
<status status="PASS" starttime="20210116 11:36:17.393" endtime="20210116 11:36:20.409"></status>
</kw>
<kw name="Click Element" library="SeleniumLibrary">
<doc>Click the element identified by ``locator``.</doc>
<arguments>
<arg>xpath=//button[@type='submit' and @class='_2KpZ6l _2HKlqd _3AWRsL']</arg>
</arguments>
<msg timestamp="20210116 11:36:20.410" level="INFO">Clicking element 'xpath=//button[@type='submit' and @class='_2KpZ6l _2HKlqd _3AWRsL']'.</msg>
<status status="PASS" starttime="20210116 11:36:20.409" endtime="20210116 11:36:20.616"></status>
</kw>
<kw name="Log To Console" library="BuiltIn">
<doc>Logs the given message to the console.</doc>
<arguments>
<arg>Step2</arg>
</arguments>
<status status="PASS" starttime="20210116 11:36:20.619" endtime="20210116 11:36:20.621"></status>
</kw>
<kw name="Sleep" library="BuiltIn">
<doc>Pauses the test executed for the given time.</doc>
<arguments>
<arg>3s</arg>
</arguments>
<msg timestamp="20210116 11:36:23.628" level="INFO">Slept 3 seconds</msg>
<status status="PASS" starttime="20210116 11:36:20.621" endtime="20210116 11:36:23.628"></status>
</kw>
<status status="PASS" starttime="20210116 11:36:13.705" endtime="20210116 11:36:23.630"></status>
</kw>
<status status="PASS" starttime="20210116 11:36:13.704" endtime="20210116 11:36:23.632" critical="yes"></status>
</test>
<test id="s1-t3" name="User should navigate to the Electronics catagory">
<kw name="Go to Electronics catagory" library="instruction">
<kw name="Mouse Over" library="SeleniumLibrary">
<doc>Simulates hovering the mouse over the element ``locator``.</doc>
<arguments>
<arg>${exp_catagory}</arg>
</arguments>
<msg timestamp="20210116 11:36:23.664" level="INFO">Simulating Mouse Over on element '//*[(@class='_2I9KP_' and text()='Electronics')]'.</msg>
<status status="PASS" starttime="20210116 11:36:23.663" endtime="20210116 11:36:24.089"></status>
</kw>
<kw name="Sleep" library="BuiltIn">
<doc>Pauses the test executed for the given time.</doc>
<arguments>
<arg>5s</arg>
</arguments>
<msg timestamp="20210116 11:36:29.102" level="INFO">Slept 5 seconds</msg>
<status status="PASS" starttime="20210116 11:36:24.089" endtime="20210116 11:36:29.102"></status>
</kw>
<kw name="Click Element" library="SeleniumLibrary">
<doc>Click the element identified by ``locator``.</doc>
<arguments>
<arg>${exp_sub_catagory}</arg>
</arguments>
<msg timestamp="20210116 11:36:29.104" level="INFO">Clicking element '//a[@class='_3QN6WI' and @title='Realme']'.</msg>
<status status="PASS" starttime="20210116 11:36:29.103" endtime="20210116 11:36:29.306"></status>
</kw>
<kw name="Sleep" library="BuiltIn">
<doc>Pauses the test executed for the given time.</doc>
<arguments>
<arg>5s</arg>
</arguments>
<msg timestamp="20210116 11:36:34.316" level="INFO">Slept 5 seconds</msg>
<status status="PASS" starttime="20210116 11:36:29.306" endtime="20210116 11:36:34.316"></status>
</kw>
<kw name="Sleep" library="BuiltIn">
<doc>Pauses the test executed for the given time.</doc>
<arguments>
<arg>7s</arg>
</arguments>
<msg timestamp="20210116 11:36:41.319" level="INFO">Slept 7 seconds</msg>
<status status="PASS" starttime="20210116 11:36:34.317" endtime="20210116 11:36:41.319"></status>
</kw>
<kw name="Click Element" library="SeleniumLibrary">
<doc>Click the element identified by ``locator``.</doc>
<arguments>
<arg>${product}</arg>
</arguments>
<msg timestamp="20210116 11:36:41.321" level="INFO">Clicking element '//div[contains(text(),'Realme Narzo 20 (Victory Blue, 64 GB')]'.</msg>
<status status="PASS" starttime="20210116 11:36:41.320" endtime="20210116 11:36:41.579"></status>
</kw>
<status status="PASS" starttime="20210116 11:36:23.658" endtime="20210116 11:36:41.579"></status>
</kw>
<status status="PASS" starttime="20210116 11:36:23.655" endtime="20210116 11:36:41.580" critical="yes"></status>
</test>
<test id="s1-t4" name="user verified">
<kw name="Select Product_details page" library="instruction">
<kw name="Get Window Handles" library="SeleniumLibrary">
<doc>Returns all child window handles of the selected browser as a list.</doc>
<assign>
<var>${window}</var>
</assign>
<msg timestamp="20210116 11:36:41.601" level="INFO">${window} = ['CDwindow-968E8655D56B60C46FE7B1926931638F', 'CDwindow-167063FD1755381ACECFA8420F74C71C']</msg>
<status status="PASS" starttime="20210116 11:36:41.596" endtime="20210116 11:36:41.601"></status>
</kw>
<kw name="Sleep" library="BuiltIn">
<doc>Pauses the test executed for the given time.</doc>
<arguments>
<arg>3s</arg>
</arguments>
<msg timestamp="20210116 11:36:44.603" level="INFO">Slept 3 seconds</msg>
<status status="PASS" starttime="20210116 11:36:41.601" endtime="20210116 11:36:44.604"></status>
</kw>
<kw name="Switch Window" library="SeleniumLibrary">
<doc>Switches to browser window matching ``locator``.</doc>
<arguments>
<arg>${window}[1]</arg>
</arguments>
<status status="PASS" starttime="20210116 11:36:44.604" endtime="20210116 11:36:44.790"></status>
</kw>
<kw name="Sleep" library="BuiltIn">
<doc>Pauses the test executed for the given time.</doc>
<arguments>
<arg>5s</arg>
</arguments>
<msg timestamp="20210116 11:36:49.806" level="INFO">Slept 5 seconds</msg>
<status status="PASS" starttime="20210116 11:36:44.790" endtime="20210116 11:36:49.807"></status>
</kw>
<kw name="Page Should Contain" library="SeleniumLibrary">
<doc>Verifies that current page contains ``text``.</doc>
<arguments>
<arg>${exp_product_details_page}</arg>
</arguments>
<msg timestamp="20210116 11:36:51.928" level="INFO">Current page contains text 'Realme Narzo 20 (Victory Blue, 64 GB) (4 GB RAM)'.</msg>
<status status="PASS" starttime="20210116 11:36:49.807" endtime="20210116 11:36:51.929"></status>
</kw>
<status status="PASS" starttime="20210116 11:36:41.594" endtime="20210116 11:36:51.930"></status>
</kw>
<status status="PASS" starttime="20210116 11:36:41.591" endtime="20210116 11:36:51.931" critical="yes"></status>
</test>
<test id="s1-t5" name="Product added to the cart">
<kw name="Add product to the cart" library="instruction">
<kw name="Sleep" library="BuiltIn">
<doc>Pauses the test executed for the given time.</doc>
<arguments>
<arg>5s</arg>
</arguments>
<msg timestamp="20210116 11:36:56.961" level="INFO">Slept 5 seconds</msg>
<status status="PASS" starttime="20210116 11:36:51.955" endtime="20210116 11:36:56.962"></status>
</kw>
<kw name="Click Element" library="SeleniumLibrary">
<doc>Click the element identified by ``locator``.</doc>
<arguments>
<arg>${cart_button}</arg>
</arguments>
<msg timestamp="20210116 11:36:56.964" level="INFO">Clicking element '//button[text()='ADD TO CART']'.</msg>
<status status="PASS" starttime="20210116 11:36:56.963" endtime="20210116 11:36:57.184"></status>
</kw>
<status status="PASS" starttime="20210116 11:36:51.954" endtime="20210116 11:36:57.185"></status>
</kw>
<status status="PASS" starttime="20210116 11:36:51.952" endtime="20210116 11:36:57.186" critical="yes"></status>
</test>
<test id="s1-t6" name="Expected product should be display in cart page">
<kw name="Verify product in the cart page" library="instruction">
<kw name="Sleep" library="BuiltIn">
<doc>Pauses the test executed for the given time.</doc>
<arguments>
<arg>5s</arg>
</arguments>
<msg timestamp="20210116 11:37:02.207" level="INFO">Slept 5 seconds</msg>
<status status="PASS" starttime="20210116 11:36:57.206" endtime="20210116 11:37:02.207"></status>
</kw>
<kw name="Click Element" library="SeleniumLibrary">
<doc>Click the element identified by ``locator``.</doc>
<arguments>
<arg>${flikart_home}</arg>
</arguments>
<msg timestamp="20210116 11:37:02.209" level="INFO">Clicking element '//img[@class='_2xm1JU' and @title='Flipkart']'.</msg>
<status status="PASS" starttime="20210116 11:37:02.208" endtime="20210116 11:37:02.414"></status>
</kw>
<kw name="Sleep" library="BuiltIn">
<doc>Pauses the test executed for the given time.</doc>
<arguments>
<arg>5s</arg>
</arguments>
<msg timestamp="20210116 11:37:07.430" level="INFO">Slept 5 seconds</msg>
<status status="PASS" starttime="20210116 11:37:02.416" endtime="20210116 11:37:07.431"></status>
</kw>
<kw name="Click Element" library="SeleniumLibrary">
<doc>Click the element identified by ``locator``.</doc>
<arguments>
<arg>${cart}</arg>
</arguments>
<msg timestamp="20210116 11:37:07.432" level="INFO">Clicking element '//span[text()='Cart']'.</msg>
<status status="PASS" starttime="20210116 11:37:07.431" endtime="20210116 11:37:07.721"></status>
</kw>
<kw name="Sleep" library="BuiltIn">
<doc>Pauses the test executed for the given time.</doc>
<arguments>
<arg>2s</arg>
</arguments>
<msg timestamp="20210116 11:37:09.722" level="INFO">Slept 2 seconds</msg>
<status status="PASS" starttime="20210116 11:37:07.721" endtime="20210116 11:37:09.722"></status>
</kw>
<kw name="Page Should Contain" library="SeleniumLibrary">
<doc>Verifies that current page contains ``text``.</doc>
<arguments>
<arg>${Expected_Product}</arg>
</arguments>
<msg timestamp="20210116 11:37:09.772" level="INFO">Current page contains text 'Realme Narzo 20 (Victory Blue, 64 GB)'.</msg>
<status status="PASS" starttime="20210116 11:37:09.723" endtime="20210116 11:37:09.772"></status>
</kw>
<status status="PASS" starttime="20210116 11:36:57.205" endtime="20210116 11:37:09.773"></status>
</kw>
<status status="PASS" starttime="20210116 11:36:57.203" endtime="20210116 11:37:09.774" critical="yes"></status>
</test>
<status status="PASS" starttime="20210116 11:35:59.121" endtime="20210116 11:37:09.795"></status>
</suite>
<statistics>
<total>
<stat pass="6" fail="0">Critical Tests</stat>
<stat pass="6" fail="0">All Tests</stat>
</total>
<tag>
</tag>
<suite>
<stat pass="6" fail="0" id="s1" name="TestCases">TestCases</stat>
</suite>
</statistics>
<errors>
</errors>
</robot>
